<?xml version="1.0" encoding="UTF-8"?>
<!-- Generated by org.testng.reporters.JUnitReportReporter -->
<testsuite hostname="DESKTOP-M4DAF5P" failures="0" tests="1" name="testCases.TC_001_AccountRegistrationTest" time="7.242" errors="0" timestamp="2024-06-24T10:44:04 IST" skipped="0">
  <testcase classname="testCases.TC_001_AccountRegistrationTest" name="verify_account_registration" time="7.242"/>
</testsuite> <!-- testCases.TC_001_AccountRegistrationTest -->
